Removed Member From Class: ClassName=U_LED Member=C?
Removed Member From Class: ClassName=U_LED Member=R?
Change Component Designator: OldDesignator=C? NewDesignator=C4
Change Component Designator: OldDesignator=C? NewDesignator=C5
Change Component Designator: OldDesignator=C? NewDesignator=C6
Change Component Designator: OldDesignator=C? NewDesignator=C7
Change Component Designator: OldDesignator=C? NewDesignator=C8
Change Component Designator: OldDesignator=C? NewDesignator=C9
Change Component Designator: OldDesignator=C? NewDesignator=C10
Change Component Designator: OldDesignator=C? NewDesignator=C11
Change Component Designator: OldDesignator=C? NewDesignator=C12
Change Component Designator: OldDesignator=C? NewDesignator=C13
Change Component Designator: OldDesignator=C? NewDesignator=C14
Change Component Designator: OldDesignator=C? NewDesignator=C15
Change Component Designator: OldDesignator=C? NewDesignator=C16
Change Component Designator: OldDesignator=C? NewDesignator=C17
Change Component Designator: OldDesignator=C? NewDesignator=C18
Change Component Designator: OldDesignator=C? NewDesignator=C19
Change Component Designator: OldDesignator=C? NewDesignator=C20
Change Component Designator: OldDesignator=L? NewDesignator=L3
Change Component Designator: OldDesignator=R? NewDesignator=R1
Change Component Designator: OldDesignator=R? NewDesignator=R2
Change Component Designator: OldDesignator=R? NewDesignator=R4
Change Component Designator: OldDesignator=R? NewDesignator=R5
Change Component Designator: OldDesignator=R? NewDesignator=R6
Change Component Designator: OldDesignator=Y? NewDesignator=Y1
Added Component: Designator=C2(C0402)
Add component (AddParameter): Name = "Published"; Value = "8-Jun-2000"; VariantName = "[No Variations]"
Add component (AddParameter): Name = "Publisher"; Value = "Altium Limited"; VariantName = "[No Variations]"
Add component (AddParameter): Name = "Revision"; Value = "July-2002: Re-released for DXP Platform."; VariantName = "[No Variations]"
Add component (AddParameter): Name = "Value"; Value = "100pF"; VariantName = "[No Variations]"
Added Component: Designator=C3(C0402)
Add component (AddParameter): Name = "Published"; Value = "8-Jun-2000"; VariantName = "[No Variations]"
Add component (AddParameter): Name = "Publisher"; Value = "Altium Limited"; VariantName = "[No Variations]"
Add component (AddParameter): Name = "Revision"; Value = "July-2002: Re-released for DXP Platform."; VariantName = "[No Variations]"
Add component (AddParameter): Name = "Value"; Value = "100pF"; VariantName = "[No Variations]"
Added Component: Designator=U3(FP-SOT25-IPC_C)
Add component (AddParameter): Name = "Accuracy"; Value = "1.5%"; VariantName = "[No Variations]"
Add component (AddParameter): Name = "Case/Package"; Value = "SOT-23-5"; VariantName = "[No Variations]"
Add component (AddParameter): Name = "Dropout Voltage"; Value = "250mV"; VariantName = "[No Variations]"
Add component (AddParameter): Name = "Height"; Value = "1.3mm"; VariantName = "[No Variations]"
Add component (AddParameter): Name = "Lead Free"; Value = "Lead Free"; VariantName = "[No Variations]"
Add component (AddParameter): Name = "Length"; Value = "3.1mm"; VariantName = "[No Variations]"
Add component (AddParameter): Name = "Max Input Voltage"; Value = "6V"; VariantName = "[No Variations]"
Add component (AddParameter): Name = "Max Operating Temperature"; Value = "85°C"; VariantName = "[No Variations]"
Add component (AddParameter): Name = "Max Output Current"; Value = "600mA"; VariantName = "[No Variations]"
Add component (AddParameter): Name = "Min Input Voltage"; Value = "2.5V"; VariantName = "[No Variations]"
Add component (AddParameter): Name = "Min Operating Temperature"; Value = "-40°C"; VariantName = "[No Variations]"
Add component (AddParameter): Name = "Mount"; Value = "Surface Mount"; VariantName = "[No Variations]"
Add component (AddParameter): Name = "Number of Outputs"; Value = "1"; VariantName = "[No Variations]"
Add component (AddParameter): Name = "Number of Pins"; Value = "5"; VariantName = "[No Variations]"
Add component (AddParameter): Name = "Number of Regulators"; Value = "1"; VariantName = "[No Variations]"
Add component (AddParameter): Name = "Output Current"; Value = "600mA"; VariantName = "[No Variations]"
Add component (AddParameter): Name = "Output Type"; Value = "Fixed"; VariantName = "[No Variations]"
Add component (AddParameter): Name = "Output Voltage"; Value = "3.3V"; VariantName = "[No Variations]"
Add component (AddParameter): Name = "Package Quantity"; Value = "1"; VariantName = "[No Variations]"
Add component (AddParameter): Name = "Packaging"; Value = "Tape and Reel"; VariantName = "[No Variations]"
Add component (AddParameter): Name = "Polarity"; Value = "Positive"; VariantName = "[No Variations]"
Add component (AddParameter): Name = "Quiescent Current"; Value = "55uA"; VariantName = "[No Variations]"
Add component (AddParameter): Name = "Width"; Value = "1.7mm"; VariantName = "[No Variations]"
Added Pin To Net: NetName=GND Pin=C2-1
Added Pin To Net: NetName=P3V3 Pin=C2-2
Added Pin To Net: NetName=GND Pin=C3-1
Added Pin To Net: NetName=VBUS Pin=C3-2
Added Pin To Net: NetName=VBUS Pin=U3-1
Added Pin To Net: NetName=GND Pin=U3-2
Added Pin To Net: NetName=VBUS Pin=U3-3
Added Pin To Net: NetName=P3V3 Pin=U3-5
Change Net Name : Old Net Name=NetC?_1 New Net Name=NetC4_1
Change Net Name : Old Net Name=NetC?_2 New Net Name=NetC5_2
Change Net Name : Old Net Name=NetL?_1 New Net Name=NetL3_1
Change Net Name : Old Net Name=NetR?_1 New Net Name=NetR2_1
Change Net Name : Old Net Name=NetR?_2 New Net Name=NetR6_2
Added Pin To Net: NetName=NetC18_1 Pin=C18-1
Added Pin To Net: NetName=NetC18_1 Pin=R5-1
Added Net: Name=NetC18_1
Added Pin To Net: NetName=NetC18_2 Pin=C18-2
Added Pin To Net: NetName=NetC18_2 Pin=U1-46
Added Net: Name=NetC18_2
Added Pin To Net: NetName=NetR1_1 Pin=R1-1
Added Pin To Net: NetName=NetR1_1 Pin=U1-22
Added Net: Name=NetR1_1
Added Pin To Net: NetName=NetR4_1 Pin=R4-1
Added Pin To Net: NetName=NetR4_1 Pin=U1-3
Added Pin To Net: NetName=NetR4_1 Pin=U2-7
Added Net: Name=NetR4_1
Added Member To Class: ClassName=U_USBC Member=Component C2 1uF
Added Member To Class: ClassName=U_USBC Member=Component C3 1uF
Added Member To Class: ClassName=U_RP2354A Member=Component C4 15pF
Added Member To Class: ClassName=U_RP2354A Member=Component C5 15pF
Added Member To Class: ClassName=U_RP2354A Member=Component C6 100nF
Added Member To Class: ClassName=U_RP2354A Member=Component C7 100nF
Added Member To Class: ClassName=U_RP2354A Member=Component C8 100nF
Added Member To Class: ClassName=U_RP2354A Member=Component C9 100nF
Added Member To Class: ClassName=U_RP2354A Member=Component C10 100nF
Added Member To Class: ClassName=U_RP2354A Member=Component C11 100nF
Added Member To Class: ClassName=U_RP2354A Member=Component C13 100nF
Added Member To Class: ClassName=U_RP2354A Member=Component C14 100nF
Added Member To Class: ClassName=U_RP2354A Member=Component C15 4.7uF
Added Member To Class: ClassName=U_RP2354A Member=Component C16 4.7uF
Added Member To Class: ClassName=U_RP2354A Member=Component C17 4.7uF
Added Member To Class: ClassName=U_RP2354A Member=Component C18 4.7uF
Added Member To Class: ClassName=U_LED Member=Component C19 100nF
Added Member To Class: ClassName=U_LED Member=Component C20 100nF
Added Member To Class: ClassName=U_RP2354A Member=Component R2 4K7
Added Member To Class: ClassName=U_RP2354A Member=Component R4 4K7
Added Member To Class: ClassName=U_RP2354A Member=Component R5 33R
Added Member To Class: ClassName=U_LED Member=Component R6 22R
Added Member To Class: ClassName=U_USBC Member=Component U3 AP2112K-3.3TRG1
