Removed Pin From Net: NetName=P3V3 Pin=R1-2
Removed Pin From Net: NetName=P3V3 Pin=R2-2
Change Component Footprint: Designator=U1 Old Footprint=GD25Q16CEIGR New Footprint=RP2354A
Change Component Comment : Designator=U1 Old Comment=GD25Q16CEIGR New Comment=RP2354A
Change component parameters: Designator = "U1" ("U1"); Footprint = "GD25Q16CEIGR"; UniqueID = "\CZFOLAIX\ZYACVDUU" ("\CZFOLAIX\ZYACVDUU")
Added Component: Designator=C?(C0201)
Add component (AddParameter): Name = "Published"; Value = "8-Jun-2000"; VariantName = "[No Variations]"
Add component (AddParameter): Name = "Publisher"; Value = "Altium Limited"; VariantName = "[No Variations]"
Add component (AddParameter): Name = "Revision"; Value = "July-2002: Re-released for DXP Platform."; VariantName = "[No Variations]"
Add component (AddParameter): Name = "Value"; Value = "100pF"; VariantName = "[No Variations]"
Added Component: Designator=C?(C0201)
Add component (AddParameter): Name = "Published"; Value = "8-Jun-2000"; VariantName = "[No Variations]"
Add component (AddParameter): Name = "Publisher"; Value = "Altium Limited"; VariantName = "[No Variations]"
Add component (AddParameter): Name = "Revision"; Value = "July-2002: Re-released for DXP Platform."; VariantName = "[No Variations]"
Add component (AddParameter): Name = "Value"; Value = "100pF"; VariantName = "[No Variations]"
Added Component: Designator=R?(R0201)
Add component (AddParameter): Name = "Artikkelnr Noca"; Value = "N.A."; VariantName = "[No Variations]"
Add component (AddParameter): Name = "Assembly"; Value = ""; VariantName = "[No Variations]"
Add component (AddParameter): Name = "ComponentLink1Description"; Value = "Datasheet"; VariantName = "[No Variations]"
Add component (AddParameter): Name = "ComponentLink1URL"; Value = ""; VariantName = "[No Variations]"
Add component (AddParameter): Name = "ComponentLink2Description"; Value = "Supplier link"; VariantName = "[No Variations]"
Add component (AddParameter): Name = "ComponentLink2URL"; Value = ""; VariantName = "[No Variations]"
Add component (AddParameter): Name = "Footprint Doc"; Value = "0201"; VariantName = "[No Variations]"
Add component (AddParameter): Name = "HelpURL"; Value = ""; VariantName = "[No Variations]"
Add component (AddParameter): Name = "LatestRevisionDate"; Value = "2017-11-09"; VariantName = "[No Variations]"
Add component (AddParameter): Name = "Manufacturer"; Value = ""; VariantName = "[No Variations]"
Add component (AddParameter): Name = "Manufacturer Part Number"; Value = ""; VariantName = "[No Variations]"
Add component (AddParameter): Name = "Note"; Value = "Chip Res 5%"; VariantName = "[No Variations]"
Add component (AddParameter): Name = "Part Number"; Value = "R0201-0R"; VariantName = "[No Variations]"
Add component (AddParameter): Name = "Part number IPS"; Value = "00000003245"; VariantName = "[No Variations]"
Add component (AddParameter): Name = "Pin Count"; Value = "2"; VariantName = "[No Variations]"
Add component (AddParameter): Name = "Published"; Value = "2014-11-13"; VariantName = "[No Variations]"
Add component (AddParameter): Name = "Publisher"; Value = "Nordic Semiconductor"; VariantName = "[No Variations]"
Add component (AddParameter): Name = "Supplier 1"; Value = ""; VariantName = "[No Variations]"
Add component (AddParameter): Name = "Supplier 2"; Value = ""; VariantName = "[No Variations]"
Add component (AddParameter): Name = "Supplier Part Number 1"; Value = ""; VariantName = "[No Variations]"
Add component (AddParameter): Name = "Supplier Part Number 2"; Value = ""; VariantName = "[No Variations]"
Add component (AddParameter): Name = "Value"; Value = "0R"; VariantName = "[No Variations]"
Added Component: Designator=R?(R0201)
Add component (AddParameter): Name = "Artikkelnr Noca"; Value = "N.A."; VariantName = "[No Variations]"
Add component (AddParameter): Name = "Assembly"; Value = ""; VariantName = "[No Variations]"
Add component (AddParameter): Name = "ComponentLink1Description"; Value = "Datasheet"; VariantName = "[No Variations]"
Add component (AddParameter): Name = "ComponentLink1URL"; Value = ""; VariantName = "[No Variations]"
Add component (AddParameter): Name = "ComponentLink2Description"; Value = "Supplier link"; VariantName = "[No Variations]"
Add component (AddParameter): Name = "ComponentLink2URL"; Value = ""; VariantName = "[No Variations]"
Add component (AddParameter): Name = "Footprint Doc"; Value = "0201"; VariantName = "[No Variations]"
Add component (AddParameter): Name = "HelpURL"; Value = ""; VariantName = "[No Variations]"
Add component (AddParameter): Name = "LatestRevisionDate"; Value = "2017-11-09"; VariantName = "[No Variations]"
Add component (AddParameter): Name = "Manufacturer"; Value = ""; VariantName = "[No Variations]"
Add component (AddParameter): Name = "Manufacturer Part Number"; Value = ""; VariantName = "[No Variations]"
Add component (AddParameter): Name = "Note"; Value = "Chip Res 5%"; VariantName = "[No Variations]"
Add component (AddParameter): Name = "Part Number"; Value = "R0201-0R"; VariantName = "[No Variations]"
Add component (AddParameter): Name = "Part number IPS"; Value = "00000003245"; VariantName = "[No Variations]"
Add component (AddParameter): Name = "Pin Count"; Value = "2"; VariantName = "[No Variations]"
Add component (AddParameter): Name = "Published"; Value = "2014-11-13"; VariantName = "[No Variations]"
Add component (AddParameter): Name = "Publisher"; Value = "Nordic Semiconductor"; VariantName = "[No Variations]"
Add component (AddParameter): Name = "Supplier 1"; Value = ""; VariantName = "[No Variations]"
Add component (AddParameter): Name = "Supplier 2"; Value = ""; VariantName = "[No Variations]"
Add component (AddParameter): Name = "Supplier Part Number 1"; Value = ""; VariantName = "[No Variations]"
Add component (AddParameter): Name = "Supplier Part Number 2"; Value = ""; VariantName = "[No Variations]"
Add component (AddParameter): Name = "Value"; Value = "0R"; VariantName = "[No Variations]"
Added Component: Designator=R?(R0201)
Add component (AddParameter): Name = "Artikkelnr Noca"; Value = "N.A."; VariantName = "[No Variations]"
Add component (AddParameter): Name = "Assembly"; Value = ""; VariantName = "[No Variations]"
Add component (AddParameter): Name = "ComponentLink1Description"; Value = "Datasheet"; VariantName = "[No Variations]"
Add component (AddParameter): Name = "ComponentLink1URL"; Value = ""; VariantName = "[No Variations]"
Add component (AddParameter): Name = "ComponentLink2Description"; Value = "Supplier link"; VariantName = "[No Variations]"
Add component (AddParameter): Name = "ComponentLink2URL"; Value = ""; VariantName = "[No Variations]"
Add component (AddParameter): Name = "Footprint Doc"; Value = "0201"; VariantName = "[No Variations]"
Add component (AddParameter): Name = "HelpURL"; Value = ""; VariantName = "[No Variations]"
Add component (AddParameter): Name = "LatestRevisionDate"; Value = "2017-11-09"; VariantName = "[No Variations]"
Add component (AddParameter): Name = "Manufacturer"; Value = ""; VariantName = "[No Variations]"
Add component (AddParameter): Name = "Manufacturer Part Number"; Value = ""; VariantName = "[No Variations]"
Add component (AddParameter): Name = "Note"; Value = "Chip Res 5%"; VariantName = "[No Variations]"
Add component (AddParameter): Name = "Part Number"; Value = "R0201-0R"; VariantName = "[No Variations]"
Add component (AddParameter): Name = "Part number IPS"; Value = "00000003245"; VariantName = "[No Variations]"
Add component (AddParameter): Name = "Pin Count"; Value = "2"; VariantName = "[No Variations]"
Add component (AddParameter): Name = "Published"; Value = "2014-11-13"; VariantName = "[No Variations]"
Add component (AddParameter): Name = "Publisher"; Value = "Nordic Semiconductor"; VariantName = "[No Variations]"
Add component (AddParameter): Name = "Supplier 1"; Value = ""; VariantName = "[No Variations]"
Add component (AddParameter): Name = "Supplier 2"; Value = ""; VariantName = "[No Variations]"
Add component (AddParameter): Name = "Supplier Part Number 1"; Value = ""; VariantName = "[No Variations]"
Add component (AddParameter): Name = "Supplier Part Number 2"; Value = ""; VariantName = "[No Variations]"
Add component (AddParameter): Name = "Value"; Value = "0R"; VariantName = "[No Variations]"
Added Pin To Net: NetName=GND Pin=C?-1
Added Pin To Net: NetName=GND Pin=C?-1
Added Pin To Net: NetName=P3V3 Pin=C?-2
Added Pin To Net: NetName=P3V3 Pin=C?-2
Added Pin To Net: NetName=P3V3 Pin=L1-2
Added Pin To Net: NetName=GND Pin=L1-4
Added Pin To Net: NetName=P3V3 Pin=L2-2
Added Pin To Net: NetName=GND Pin=L2-4
Added Pin To Net: NetName=P3V3 Pin=R?-2
Added Pin To Net: NetName=P3V3 Pin=R?-2
Added Pin To Net: NetName=NetL1_1 Pin=L1-1
Added Pin To Net: NetName=NetL1_1 Pin=R?-1
Added Net: Name=NetL1_1
Added Pin To Net: NetName=NetL1_3 Pin=L1-3
Added Pin To Net: NetName=NetL1_3 Pin=L2-1
Added Net: Name=NetL1_3
Added Pin To Net: NetName=NetR?_1 Pin=R?-1
Added Pin To Net: NetName=NetR?_1 Pin=U1-2
Added Pin To Net: NetName=NetR?_1 Pin=U2-4
Added Net: Name=NetR?_1
Add Net: Net with name "NetR?_1" already exists
Added Pin To Net: NetName=NetR?_2 Pin=R?-2
Added Pin To Net: NetName=NetR?_2 Pin=U1-7
Added Net: Name=NetR?_2
Added Pin To Net: NetName=NetU1_1,11,30,38,45,20 Pin=U1-1
Added Pin To Net: NetName=NetU1_1,11,30,38,45,20 Pin=U1-11
Added Pin To Net: NetName=NetU1_1,11,30,38,45,20 Pin=U1-30
Added Pin To Net: NetName=NetU1_1,11,30,38,45,20 Pin=U1-38
Added Pin To Net: NetName=NetU1_1,11,30,38,45,20 Pin=U1-45
Added Pin To Net: NetName=NetU1_1,11,30,38,45,20 Pin=U1-20
Added Net: Name=NetU1_1,11,30,38,45,20
Added Pin To Net: NetName=NetU1_6,23,39 Pin=U1-6
Added Pin To Net: NetName=NetU1_6,23,39 Pin=U1-23
Added Pin To Net: NetName=NetU1_6,23,39 Pin=U1-39
Added Net: Name=NetU1_6,23,39
Added Pin To Net: NetName=USB_N Pin=P1-A6
Added Pin To Net: NetName=USB_N Pin=U1-51
Added Net: Name=USB_N
Added Pin To Net: NetName=USB_P Pin=P1-A7
Added Pin To Net: NetName=USB_P Pin=U1-52
Added Net: Name=USB_P
Added Class: Name=U_LED
Added Class: Name=U_RP2354A
Added Differential Pair: Name=USB
