Removed Pin From Net: NetName=NetC4_1 Pin=Y1-1
Removed Pin From Net: NetName=GND Pin=Y1-2
Removed Pin From Net: NetName=NetC5_2 Pin=Y1-3
Removed Pin From Net: NetName=GND Pin=Y1-4
Removed Member From Class: ClassName=U_RP2354A Member=Y1
Added Component: Designator=Y?(FP-ABM8G-MFG)
Add component (AddParameter): Name = "Case/Package"; Value = "SMD/SMT"; VariantName = "[No Variations]"
Add component (AddParameter): Name = "ESR (Equivalent Series Resistance)"; Value = "120R"; VariantName = "[No Variations]"
Add component (AddParameter): Name = "Frequency"; Value = "12MHz"; VariantName = "[No Variations]"
Add component (AddParameter): Name = "Frequency Stability"; Value = "30ppm"; VariantName = "[No Variations]"
Add component (AddParameter): Name = "Frequency Tolerance"; Value = "20ppm"; VariantName = "[No Variations]"
Add component (AddParameter): Name = "Load Capacitance"; Value = "10pF"; VariantName = "[No Variations]"
Add component (AddParameter): Name = "Max Operating Temperature"; Value = "85°C"; VariantName = "[No Variations]"
Add component (AddParameter): Name = "Min Operating Temperature"; Value = "-40°C"; VariantName = "[No Variations]"
Add component (AddParameter): Name = "Mount"; Value = "Surface Mount"; VariantName = "[No Variations]"
Add component (AddParameter): Name = "Packaging"; Value = "Cut Tape"; VariantName = "[No Variations]"
Add component (AddParameter): Name = "RoHS Compliant"; Value = "Yes"; VariantName = "[No Variations]"
Added Pin To Net: NetName=NetC4_1 Pin=Y?-1
Added Pin To Net: NetName=GND Pin=Y?-2
Added Pin To Net: NetName=NetC5_2 Pin=Y?-3
Added Pin To Net: NetName=GND Pin=Y?-4
Added Member To Class: ClassName=U_RP2354A Member=Component Y? ABM8G-106-12.000MHZ-T
